..\Dll\DSR.pdb
C:\Users\KANAK\Desktop\UPDATED CUSTOM CODES FOR V9.0\Node_Failure_v9\Node Failure\Simulation - Node Failure\DSR\Debug\CheckRouteFound.obj
C:\Users\KANAK\Desktop\UPDATED CUSTOM CODES FOR V9.0\Node_Failure_v9\Node Failure\Simulation - Node Failure\DSR\Debug\cl.command.1.tlog
C:\Users\KANAK\Desktop\UPDATED CUSTOM CODES FOR V9.0\Node_Failure_v9\Node Failure\Simulation - Node Failure\DSR\Debug\CL.read.1.tlog
C:\Users\KANAK\Desktop\UPDATED CUSTOM CODES FOR V9.0\Node_Failure_v9\Node Failure\Simulation - Node Failure\DSR\Debug\CL.write.1.tlog
C:\Users\KANAK\Desktop\UPDATED CUSTOM CODES FOR V9.0\Node_Failure_v9\Node Failure\Simulation - Node Failure\DSR\Debug\DSR.dll.embed.manifest
C:\Users\KANAK\Desktop\UPDATED CUSTOM CODES FOR V9.0\Node_Failure_v9\Node Failure\Simulation - Node Failure\DSR\Debug\DSR.dll.embed.manifest.res
C:\Users\KANAK\Desktop\UPDATED CUSTOM CODES FOR V9.0\Node_Failure_v9\Node Failure\Simulation - Node Failure\DSR\Debug\DSR.dll.intermediate.manifest
C:\Users\KANAK\Desktop\UPDATED CUSTOM CODES FOR V9.0\Node_Failure_v9\Node Failure\Simulation - Node Failure\DSR\Debug\DSR.obj
C:\Users\KANAK\Desktop\UPDATED CUSTOM CODES FOR V9.0\Node_Failure_v9\Node Failure\Simulation - Node Failure\DSR\Debug\DSR.write.1.tlog
C:\Users\KANAK\Desktop\UPDATED CUSTOM CODES FOR V9.0\Node_Failure_v9\Node Failure\Simulation - Node Failure\DSR\Debug\DSR_manifest.rc
C:\Users\KANAK\Desktop\UPDATED CUSTOM CODES FOR V9.0\Node_Failure_v9\Node Failure\Simulation - Node Failure\DSR\Debug\link.5208.read.1.tlog
C:\Users\KANAK\Desktop\UPDATED CUSTOM CODES FOR V9.0\Node_Failure_v9\Node Failure\Simulation - Node Failure\DSR\Debug\link.5208.write.1.tlog
C:\Users\KANAK\Desktop\UPDATED CUSTOM CODES FOR V9.0\Node_Failure_v9\Node Failure\Simulation - Node Failure\DSR\Debug\link.5208-cvtres.read.1.tlog
C:\Users\KANAK\Desktop\UPDATED CUSTOM CODES FOR V9.0\Node_Failure_v9\Node Failure\Simulation - Node Failure\DSR\Debug\link.5208-cvtres.write.1.tlog
C:\Users\KANAK\Desktop\UPDATED CUSTOM CODES FOR V9.0\Node_Failure_v9\Node Failure\Simulation - Node Failure\DSR\Debug\link.6208.read.1.tlog
C:\Users\KANAK\Desktop\UPDATED CUSTOM CODES FOR V9.0\Node_Failure_v9\Node Failure\Simulation - Node Failure\DSR\Debug\link.6208.write.1.tlog
C:\Users\KANAK\Desktop\UPDATED CUSTOM CODES FOR V9.0\Node_Failure_v9\Node Failure\Simulation - Node Failure\DSR\Debug\link.6208-cvtres.read.1.tlog
C:\Users\KANAK\Desktop\UPDATED CUSTOM CODES FOR V9.0\Node_Failure_v9\Node Failure\Simulation - Node Failure\DSR\Debug\link.6208-cvtres.write.1.tlog
C:\Users\KANAK\Desktop\UPDATED CUSTOM CODES FOR V9.0\Node_Failure_v9\Node Failure\Simulation - Node Failure\DSR\Debug\link.command.1.tlog
C:\Users\KANAK\Desktop\UPDATED CUSTOM CODES FOR V9.0\Node_Failure_v9\Node Failure\Simulation - Node Failure\DSR\Debug\link.read.1.tlog
C:\Users\KANAK\Desktop\UPDATED CUSTOM CODES FOR V9.0\Node_Failure_v9\Node Failure\Simulation - Node Failure\DSR\Debug\link.write.1.tlog
C:\Users\KANAK\Desktop\UPDATED CUSTOM CODES FOR V9.0\Node_Failure_v9\Node Failure\Simulation - Node Failure\DSR\Debug\MaintBuffer.obj
C:\Users\KANAK\Desktop\UPDATED CUSTOM CODES FOR V9.0\Node_Failure_v9\Node Failure\Simulation - Node Failure\DSR\Debug\mt.command.1.tlog
C:\Users\KANAK\Desktop\UPDATED CUSTOM CODES FOR V9.0\Node_Failure_v9\Node Failure\Simulation - Node Failure\DSR\Debug\mt.read.1.tlog
C:\Users\KANAK\Desktop\UPDATED CUSTOM CODES FOR V9.0\Node_Failure_v9\Node Failure\Simulation - Node Failure\DSR\Debug\mt.write.1.tlog
C:\Users\KANAK\Desktop\UPDATED CUSTOM CODES FOR V9.0\Node_Failure_v9\Node Failure\Simulation - Node Failure\DSR\Debug\Network_Layer_Ack.obj
C:\Users\KANAK\Desktop\UPDATED CUSTOM CODES FOR V9.0\Node_Failure_v9\Node Failure\Simulation - Node Failure\DSR\Debug\PacketProcessing.obj
C:\Users\KANAK\Desktop\UPDATED CUSTOM CODES FOR V9.0\Node_Failure_v9\Node Failure\Simulation - Node Failure\DSR\Debug\rc.command.1.tlog
C:\Users\KANAK\Desktop\UPDATED CUSTOM CODES FOR V9.0\Node_Failure_v9\Node Failure\Simulation - Node Failure\DSR\Debug\rc.read.1.tlog
C:\Users\KANAK\Desktop\UPDATED CUSTOM CODES FOR V9.0\Node_Failure_v9\Node Failure\Simulation - Node Failure\DSR\Debug\rc.write.1.tlog
C:\Users\KANAK\Desktop\UPDATED CUSTOM CODES FOR V9.0\Node_Failure_v9\Node Failure\Simulation - Node Failure\DSR\Debug\RouteCache.obj
C:\Users\KANAK\Desktop\UPDATED CUSTOM CODES FOR V9.0\Node_Failure_v9\Node Failure\Simulation - Node Failure\DSR\Debug\RouteError.obj
C:\Users\KANAK\Desktop\UPDATED CUSTOM CODES FOR V9.0\Node_Failure_v9\Node Failure\Simulation - Node Failure\DSR\Debug\RouteReply.obj
C:\Users\KANAK\Desktop\UPDATED CUSTOM CODES FOR V9.0\Node_Failure_v9\Node Failure\Simulation - Node Failure\DSR\Debug\RouteRequest.obj
C:\Users\KANAK\Desktop\UPDATED CUSTOM CODES FOR V9.0\Node_Failure_v9\Node Failure\Simulation - Node Failure\DSR\Debug\SendBuffer.obj
C:\Users\KANAK\Desktop\UPDATED CUSTOM CODES FOR V9.0\Node_Failure_v9\Node Failure\Simulation - Node Failure\DSR\Debug\SourceRoute.obj
C:\Users\KANAK\Desktop\UPDATED CUSTOM CODES FOR V9.0\Node_Failure_v9\Node Failure\Simulation - Node Failure\DSR\Debug\vc100.idb
C:\Users\KANAK\Desktop\UPDATED CUSTOM CODES FOR V9.0\Node_Failure_v9\Node Failure\Simulation - Node Failure\DSR\Debug\vc100.pdb
D:\SUPPORT\CUSTOM CODES\V 9.0.20\Simulation - Node Failure\Dll\DSR.exp
D:\SUPPORT\CUSTOM CODES\V 9.0.20\Simulation - Node Failure\Dll\DSR.lib
D:\SUPPORT\CUSTOM CODES\V 9.0.20\SIMULATION - NODE FAILURE\DLL\DSR.PDB
D:\SUPPORT\CUSTOM CODES\V 9.0.20\SIMULATION - NODE FAILURE\DLL\LIBDSR.DLL
D:\SUPPORT\CUSTOM CODES\V 9.0.20\SIMULATION - NODE FAILURE\DLL\LIBDSR.ILK
D:\SUPPORT\CUSTOM CODES\V 9.0.20\SIMULATION - NODE FAILURE\DSR\DEBUG\CHECKROUTEFOUND.OBJ
D:\SUPPORT\CUSTOM CODES\V 9.0.20\SIMULATION - NODE FAILURE\DSR\DEBUG\DSR.DLL.EMBED.MANIFEST
D:\SUPPORT\CUSTOM CODES\V 9.0.20\SIMULATION - NODE FAILURE\DSR\DEBUG\DSR.DLL.EMBED.MANIFEST.RES
D:\SUPPORT\CUSTOM CODES\V 9.0.20\SIMULATION - NODE FAILURE\DSR\DEBUG\DSR.DLL.INTERMEDIATE.MANIFEST
D:\SUPPORT\CUSTOM CODES\V 9.0.20\SIMULATION - NODE FAILURE\DSR\DEBUG\DSR.OBJ
D:\SUPPORT\CUSTOM CODES\V 9.0.20\SIMULATION - NODE FAILURE\DSR\DEBUG\MAINTBUFFER.OBJ
D:\SUPPORT\CUSTOM CODES\V 9.0.20\SIMULATION - NODE FAILURE\DSR\DEBUG\NETWORK_LAYER_ACK.OBJ
D:\SUPPORT\CUSTOM CODES\V 9.0.20\SIMULATION - NODE FAILURE\DSR\DEBUG\PACKETPROCESSING.OBJ
D:\SUPPORT\CUSTOM CODES\V 9.0.20\SIMULATION - NODE FAILURE\DSR\DEBUG\ROUTECACHE.OBJ
D:\SUPPORT\CUSTOM CODES\V 9.0.20\SIMULATION - NODE FAILURE\DSR\DEBUG\ROUTEERROR.OBJ
D:\SUPPORT\CUSTOM CODES\V 9.0.20\SIMULATION - NODE FAILURE\DSR\DEBUG\ROUTEREPLY.OBJ
D:\SUPPORT\CUSTOM CODES\V 9.0.20\SIMULATION - NODE FAILURE\DSR\DEBUG\ROUTEREQUEST.OBJ
D:\SUPPORT\CUSTOM CODES\V 9.0.20\SIMULATION - NODE FAILURE\DSR\DEBUG\SENDBUFFER.OBJ
D:\SUPPORT\CUSTOM CODES\V 9.0.20\SIMULATION - NODE FAILURE\DSR\DEBUG\SOURCEROUTE.OBJ
D:\SUPPORT\CUSTOM CODES\V 9.0.20\SIMULATION - NODE FAILURE\DSR\DEBUG\VC100.PDB
